[27Nov2019 22:10:33.716] [main/INFO] [cpw.mods.modlauncher.Launcher/MODLAUNCHER]: ModLauncher running: args [--gameDir, ., --launchTarget, fmluserdevclient, --fml.mcpVersion, 20190829.143755, --fml.mcVersion, 1.14.4, --fml.forgeGroup, net.minecraftforge, --fml.forgeVersion, 28.1.96, --version, MOD_DEV, --assetIndex, 1.14, --assetsDir, /home/noah/.gradle/caches/forge_gradle/assets, --username, Dev, --accessToken, ❄❄❄❄❄❄❄❄, --userProperties, {}]
[27Nov2019 22:10:33.727] [main/INFO] [cpw.mods.modlauncher.Launcher/MODLAUNCHER]: ModLauncher 4.1.0+62+5bfa59b starting: java version 1.8.0_232 by Oracle Corporation
[27Nov2019 22:10:34.188] [main/INFO] [net.minecraftforge.fml.loading.FixSSL/CORE]: Added Lets Encrypt root certificates as additional trust
[27Nov2019 22:10:34.339] [main/WARN] [net.minecraftforge.fml.loading.FMLConfig/CORE]: Configuration file /home/noah/Coding/morefuelsmod-1.14/bin/run/config/fml.toml is not correct. Correcting
[27Nov2019 22:10:34.362] [main/WARN] [net.minecraftforge.fml.loading.FMLConfig/CORE]: Incorrect key [defaultConfigPath] was corrected from null to defaultconfigs
[27Nov2019 22:10:34.366] [main/WARN] [net.minecraftforge.fml.loading.FMLConfig/CORE]: Incorrect key [maxThreads] was corrected from null to -1
[27Nov2019 22:10:34.367] [Thread-1/INFO] [STDERR/]: [com.electronwill.nightconfig.core.file.FileWatcher$WatcherThread:run:183]: com.electronwill.nightconfig.core.io.ParsingException: Invalid TOML data: entry "[maxThreads]" defined twice in its table.
[27Nov2019 22:10:34.373] [Thread-1/INFO] [STDERR/]: [com.electronwill.nightconfig.core.file.FileWatcher$WatcherThread:run:183]: 	at com.electronwill.nightconfig.toml.TableParser.checkDuplicateKey(TableParser.java:88)
[27Nov2019 22:10:34.375] [Thread-1/INFO] [STDERR/]: [com.electronwill.nightconfig.core.file.FileWatcher$WatcherThread:run:183]: 	at com.electronwill.nightconfig.toml.TableParser.parseNormal(TableParser.java:59)
[27Nov2019 22:10:34.376] [Thread-1/INFO] [STDERR/]: [com.electronwill.nightconfig.core.file.FileWatcher$WatcherThread:run:183]: 	at com.electronwill.nightconfig.toml.TomlParser.parse(TomlParser.java:44)
[27Nov2019 22:10:34.382] [Thread-1/INFO] [STDERR/]: [com.electronwill.nightconfig.core.file.FileWatcher$WatcherThread:run:183]: 	at com.electronwill.nightconfig.toml.TomlParser.parse(TomlParser.java:37)
[27Nov2019 22:10:34.383] [Thread-1/INFO] [STDERR/]: [com.electronwill.nightconfig.core.file.FileWatcher$WatcherThread:run:183]: 	at com.electronwill.nightconfig.core.io.ConfigParser.parse(ConfigParser.java:113)
[27Nov2019 22:10:34.384] [Thread-1/INFO] [STDERR/]: [com.electronwill.nightconfig.core.file.FileWatcher$WatcherThread:run:183]: 	at com.electronwill.nightconfig.core.io.ConfigParser.parse(ConfigParser.java:219)
[27Nov2019 22:10:34.385] [Thread-1/INFO] [STDERR/]: [com.electronwill.nightconfig.core.file.FileWatcher$WatcherThread:run:183]: 	at com.electronwill.nightconfig.core.io.ConfigParser.parse(ConfigParser.java:202)
[27Nov2019 22:10:34.387] [Thread-1/INFO] [STDERR/]: [com.electronwill.nightconfig.core.file.FileWatcher$WatcherThread:run:183]: 	at com.electronwill.nightconfig.core.file.WriteSyncFileConfig.load(WriteSyncFileConfig.java:73)
[27Nov2019 22:10:34.389] [Thread-1/INFO] [STDERR/]: [com.electronwill.nightconfig.core.file.FileWatcher$WatcherThread:run:183]: 	at com.electronwill.nightconfig.core.file.FileWatcher$WatcherThread.run(FileWatcher.java:181)
[27Nov2019 22:10:36.887] [main/INFO] [cpw.mods.modlauncher.LaunchServiceHandler/MODLAUNCHER]: Launching target 'fmluserdevclient' with arguments [--version, MOD_DEV, --gameDir, ., --assetsDir, /home/noah/.gradle/caches/forge_gradle/assets, --assetIndex, 1.14, --username, Dev, --accessToken, ❄❄❄❄❄❄❄❄, --userProperties, {}]
[27Nov2019 22:10:43.129] [Client thread/INFO] [net.minecraft.client.Minecraft/]: Setting user: Dev
[27Nov2019 22:10:44.308] [pool-2-thread-1/ERROR] [net.minecraftforge.fml.loading.moddiscovery.ExplodedDirectoryLocator/SCAN]: Exception scanning /home/noah/Coding/morefuelsmod-1.14/bin/build/classes/java/main
java.nio.file.NoSuchFileException: /home/noah/Coding/morefuelsmod-1.14/bin/build/classes/java/main
	at sun.nio.fs.UnixException.translateToIOException(UnixException.java:86) ~[?:1.8.0_232]
	at sun.nio.fs.UnixException.rethrowAsIOException(UnixException.java:102) ~[?:1.8.0_232]
	at sun.nio.fs.UnixException.rethrowAsIOException(UnixException.java:107) ~[?:1.8.0_232]
	at sun.nio.fs.UnixFileAttributeViews$Basic.readAttributes(UnixFileAttributeViews.java:55) ~[?:1.8.0_232]
	at sun.nio.fs.UnixFileSystemProvider.readAttributes(UnixFileSystemProvider.java:144) ~[?:1.8.0_232]
	at sun.nio.fs.LinuxFileSystemProvider.readAttributes(LinuxFileSystemProvider.java:99) ~[?:1.8.0_232]
	at java.nio.file.Files.readAttributes(Files.java:1737) ~[?:1.8.0_232]
	at java.nio.file.FileTreeWalker.getAttributes(FileTreeWalker.java:219) ~[?:1.8.0_232]
	at java.nio.file.FileTreeWalker.visit(FileTreeWalker.java:276) ~[?:1.8.0_232]
	at java.nio.file.FileTreeWalker.walk(FileTreeWalker.java:322) ~[?:1.8.0_232]
	at java.nio.file.FileTreeIterator.<init>(FileTreeIterator.java:72) ~[?:1.8.0_232]
	at java.nio.file.Files.find(Files.java:3687) ~[?:1.8.0_232]
	at net.minecraftforge.fml.loading.moddiscovery.ExplodedDirectoryLocator.scanIndividualPath(ExplodedDirectoryLocator.java:96) ~[forge-1.14.4-28.1.96_mapped_snapshot_20190719-1.14.3-launcher.jar:?]
	at net.minecraftforge.fml.loading.moddiscovery.ExplodedDirectoryLocator.lambda$scanFile$3(ExplodedDirectoryLocator.java:90) ~[forge-1.14.4-28.1.96_mapped_snapshot_20190719-1.14.3-launcher.jar:?]
	at java.lang.Iterable.forEach(Iterable.java:75) ~[?:1.8.0_232]
	at net.minecraftforge.fml.loading.moddiscovery.ExplodedDirectoryLocator.scanFile(ExplodedDirectoryLocator.java:90) ~[forge-1.14.4-28.1.96_mapped_snapshot_20190719-1.14.3-launcher.jar:?]
	at net.minecraftforge.fml.loading.moddiscovery.ModFile.scanFile(ModFile.java:153) ~[forge-1.14.4-28.1.96_mapped_snapshot_20190719-1.14.3-launcher.jar:?]
	at net.minecraftforge.fml.loading.moddiscovery.Scanner.scan(Scanner.java:46) ~[forge-1.14.4-28.1.96_mapped_snapshot_20190719-1.14.3-launcher.jar:?]
	at net.minecraftforge.fml.loading.moddiscovery.ModFile.compileContent(ModFile.java:149) ~[forge-1.14.4-28.1.96_mapped_snapshot_20190719-1.14.3-launcher.jar:?]
	at java.util.concurrent.CompletableFuture$AsyncSupply.run(CompletableFuture.java:1604) [?:1.8.0_232]
	at java.util.concurrent.ThreadPoolExecutor.runWorker(ThreadPoolExecutor.java:1149) [?:1.8.0_232]
	at java.util.concurrent.ThreadPoolExecutor$Worker.run(ThreadPoolExecutor.java:624) [?:1.8.0_232]
	at java.lang.Thread.run(Thread.java:748) [?:1.8.0_232]
[27Nov2019 22:11:14.178] [Client thread/INFO] [net.minecraft.client.Minecraft/]: LWJGL Version: 3.2.2 build 10
[27Nov2019 22:11:18.261] [Client thread/FATAL] [net.minecraftforge.fml.ModLoader/LOADING]: File /home/noah/Coding/morefuelsmod-1.14/bin/build/resources/main constructed 0 mods: [], but had 1 mods specified: [morefuelsmod]
[27Nov2019 22:11:18.261] [Client thread/FATAL] [net.minecraftforge.fml.ModLoader/CORE]: Failed to initialize mod containers
net.minecraftforge.fml.ModLoadingException: The Mod File /home/noah/Coding/morefuelsmod-1.14/bin/build/resources/main has mods that were not found
	at net.minecraftforge.fml.ModLoader.buildMods(ModLoader.java:222) ~[forge-1.14.4-28.1.96_mapped_snapshot_20190719-1.14.3-recomp.jar:?]
	at net.minecraftforge.fml.ModLoader.lambda$gatherAndInitializeMods$18(ModLoader.java:173) ~[forge-1.14.4-28.1.96_mapped_snapshot_20190719-1.14.3-recomp.jar:?]
	at java.util.stream.ReferencePipeline$3$1.accept(ReferencePipeline.java:193) ~[?:1.8.0_232]
	at java.util.stream.ReferencePipeline$3$1.accept(ReferencePipeline.java:193) ~[?:1.8.0_232]
	at java.util.ArrayList$ArrayListSpliterator.forEachRemaining(ArrayList.java:1382) ~[?:1.8.0_232]
	at java.util.stream.AbstractPipeline.copyInto(AbstractPipeline.java:482) ~[?:1.8.0_232]
	at java.util.stream.AbstractPipeline.wrapAndCopyInto(AbstractPipeline.java:472) ~[?:1.8.0_232]
	at java.util.stream.ReduceOps$ReduceOp.evaluateSequential(ReduceOps.java:708) ~[?:1.8.0_232]
	at java.util.stream.AbstractPipeline.evaluate(AbstractPipeline.java:234) ~[?:1.8.0_232]
	at java.util.stream.ReferencePipeline.collect(ReferencePipeline.java:566) ~[?:1.8.0_232]
	at net.minecraftforge.fml.ModLoader.gatherAndInitializeMods(ModLoader.java:175) ~[forge-1.14.4-28.1.96_mapped_snapshot_20190719-1.14.3-recomp.jar:?]
	at net.minecraftforge.fml.client.ClientModLoader.lambda$begin$2(ClientModLoader.java:97) ~[forge-1.14.4-28.1.96_mapped_snapshot_20190719-1.14.3-recomp.jar:?]
	at net.minecraftforge.fml.client.ClientModLoader.lambda$createRunnableWithCatch$5(ClientModLoader.java:113) ~[forge-1.14.4-28.1.96_mapped_snapshot_20190719-1.14.3-recomp.jar:?]
	at net.minecraftforge.fml.client.ClientModLoader.begin(ClientModLoader.java:97) ~[forge-1.14.4-28.1.96_mapped_snapshot_20190719-1.14.3-recomp.jar:?]
	at net.minecraft.client.Minecraft.init(Minecraft.java:457) ~[forge-1.14.4-28.1.96_mapped_snapshot_20190719-1.14.3-recomp.jar:?]
	at net.minecraft.client.Minecraft.run(Minecraft.java:365) ~[forge-1.14.4-28.1.96_mapped_snapshot_20190719-1.14.3-recomp.jar:?]
	at net.minecraft.client.main.Main.main(Main.java:128) ~[forge-1.14.4-28.1.96_mapped_snapshot_20190719-1.14.3-recomp.jar:?]
	at sun.reflect.NativeMethodAccessorImpl.invoke0(Native Method) ~[?:1.8.0_232]
	at sun.reflect.NativeMethodAccessorImpl.invoke(NativeMethodAccessorImpl.java:62) ~[?:1.8.0_232]
	at sun.reflect.DelegatingMethodAccessorImpl.invoke(DelegatingMethodAccessorImpl.java:43) ~[?:1.8.0_232]
	at java.lang.reflect.Method.invoke(Method.java:498) ~[?:1.8.0_232]
	at net.minecraftforge.userdev.FMLUserdevClientLaunchProvider.lambda$launchService$0(FMLUserdevClientLaunchProvider.java:55) ~[forge-1.14.4-28.1.96_mapped_snapshot_20190719-1.14.3-recomp.jar:?]
	at cpw.mods.modlauncher.LaunchServiceHandlerDecorator.launch(LaunchServiceHandlerDecorator.java:37) [modlauncher-4.1.0.jar:?]
	at cpw.mods.modlauncher.LaunchServiceHandler.launch(LaunchServiceHandler.java:54) [modlauncher-4.1.0.jar:?]
	at cpw.mods.modlauncher.LaunchServiceHandler.launch(LaunchServiceHandler.java:72) [modlauncher-4.1.0.jar:?]
	at cpw.mods.modlauncher.Launcher.run(Launcher.java:81) [modlauncher-4.1.0.jar:?]
	at cpw.mods.modlauncher.Launcher.main(Launcher.java:65) [modlauncher-4.1.0.jar:?]
	at net.minecraftforge.userdev.LaunchTesting.main(LaunchTesting.java:101) [forge-1.14.4-28.1.96_mapped_snapshot_20190719-1.14.3-recomp.jar:?]
[27Nov2019 22:11:18.331] [Client thread/FATAL] [net.minecraftforge.eventbus.EventBus/EVENTBUS]: EventBus 0 shutting down - future events will not be posted.
java.lang.Exception: stacktrace
	at net.minecraftforge.eventbus.EventBus.shutdown(EventBus.java:278) ~[eventbus-1.0.0-service.jar:?]
	at net.minecraftforge.fml.client.ClientModLoader.lambda$createRunnableWithCatch$5(ClientModLoader.java:115) ~[forge-1.14.4-28.1.96_mapped_snapshot_20190719-1.14.3-recomp.jar:?]
	at net.minecraftforge.fml.client.ClientModLoader.begin(ClientModLoader.java:97) ~[forge-1.14.4-28.1.96_mapped_snapshot_20190719-1.14.3-recomp.jar:?]
	at net.minecraft.client.Minecraft.init(Minecraft.java:457) ~[forge-1.14.4-28.1.96_mapped_snapshot_20190719-1.14.3-recomp.jar:?]
	at net.minecraft.client.Minecraft.run(Minecraft.java:365) ~[forge-1.14.4-28.1.96_mapped_snapshot_20190719-1.14.3-recomp.jar:?]
	at net.minecraft.client.main.Main.main(Main.java:128) ~[forge-1.14.4-28.1.96_mapped_snapshot_20190719-1.14.3-recomp.jar:?]
	at sun.reflect.NativeMethodAccessorImpl.invoke0(Native Method) ~[?:1.8.0_232]
	at sun.reflect.NativeMethodAccessorImpl.invoke(NativeMethodAccessorImpl.java:62) ~[?:1.8.0_232]
	at sun.reflect.DelegatingMethodAccessorImpl.invoke(DelegatingMethodAccessorImpl.java:43) ~[?:1.8.0_232]
	at java.lang.reflect.Method.invoke(Method.java:498) ~[?:1.8.0_232]
	at net.minecraftforge.userdev.FMLUserdevClientLaunchProvider.lambda$launchService$0(FMLUserdevClientLaunchProvider.java:55) ~[forge-1.14.4-28.1.96_mapped_snapshot_20190719-1.14.3-recomp.jar:?]
	at cpw.mods.modlauncher.LaunchServiceHandlerDecorator.launch(LaunchServiceHandlerDecorator.java:37) [modlauncher-4.1.0.jar:?]
	at cpw.mods.modlauncher.LaunchServiceHandler.launch(LaunchServiceHandler.java:54) [modlauncher-4.1.0.jar:?]
	at cpw.mods.modlauncher.LaunchServiceHandler.launch(LaunchServiceHandler.java:72) [modlauncher-4.1.0.jar:?]
	at cpw.mods.modlauncher.Launcher.run(Launcher.java:81) [modlauncher-4.1.0.jar:?]
	at cpw.mods.modlauncher.Launcher.main(Launcher.java:65) [modlauncher-4.1.0.jar:?]
	at net.minecraftforge.userdev.LaunchTesting.main(LaunchTesting.java:101) [forge-1.14.4-28.1.96_mapped_snapshot_20190719-1.14.3-recomp.jar:?]
[27Nov2019 22:11:23.979] [Client thread/WARN] [com.mojang.text2speech.NarratorLinux/]: ERROR : Couldn't load Narrator library : Unable to load library 'fliteWrapper': Can't obtain InputStream for linux-x86-64/libfliteWrapper.so
[27Nov2019 22:11:25.783] [Server-Worker-5/ERROR] [net.minecraftforge.fml.ModLoader/LOADING]: Skipping lifecycle event SETUP, 1 errors found.
[27Nov2019 22:11:25.783] [Server-Worker-5/FATAL] [net.minecraftforge.fml.ModLoader/LOADING]: Failed to complete lifecycle event SETUP, 1 errors found
[27Nov2019 22:11:25.784] [Server-Worker-5/FATAL] [net.minecraftforge.eventbus.EventBus/EVENTBUS]: EventBus 0 shutting down - future events will not be posted.
java.lang.Exception: stacktrace
	at net.minecraftforge.eventbus.EventBus.shutdown(EventBus.java:278) ~[eventbus-1.0.0-service.jar:?]
	at net.minecraftforge.fml.client.ClientModLoader.lambda$createRunnableWithCatch$5(ClientModLoader.java:115) ~[?:?]
	at net.minecraftforge.fml.client.ClientModLoader.startModLoading(ClientModLoader.java:123) ~[?:?]
	at net.minecraftforge.fml.client.ClientModLoader.lambda$onreload$3(ClientModLoader.java:105) ~[?:?]
	at net.minecraftforge.fml.client.ClientModLoader.lambda$createRunnableWithCatch$5(ClientModLoader.java:113) ~[?:?]
	at java.util.concurrent.CompletableFuture$AsyncRun.run(CompletableFuture.java:1640) [?:1.8.0_232]
	at java.util.concurrent.CompletableFuture$AsyncRun.exec(CompletableFuture.java:1632) [?:1.8.0_232]
	at java.util.concurrent.ForkJoinTask.doExec(ForkJoinTask.java:289) [?:1.8.0_232]
	at java.util.concurrent.ForkJoinPool$WorkQueue.runTask(ForkJoinPool.java:1056) [?:1.8.0_232]
	at java.util.concurrent.ForkJoinPool.runWorker(ForkJoinPool.java:1692) [?:1.8.0_232]
	at java.util.concurrent.ForkJoinWorkerThread.run(ForkJoinWorkerThread.java:157) [?:1.8.0_232]
[27Nov2019 22:11:32.233] [Server-Worker-4/ERROR] [net.minecraftforge.fml.ModLoader/LOADING]: Skipping lifecycle event ENQUEUE_IMC, 1 errors found.
[27Nov2019 22:11:32.233] [Server-Worker-4/FATAL] [net.minecraftforge.fml.ModLoader/LOADING]: Failed to complete lifecycle event ENQUEUE_IMC, 1 errors found
[27Nov2019 22:11:32.233] [Server-Worker-4/FATAL] [net.minecraftforge.eventbus.EventBus/EVENTBUS]: EventBus 0 shutting down - future events will not be posted.
java.lang.Exception: stacktrace
	at net.minecraftforge.eventbus.EventBus.shutdown(EventBus.java:278) ~[eventbus-1.0.0-service.jar:?]
	at net.minecraftforge.fml.client.ClientModLoader.lambda$createRunnableWithCatch$5(ClientModLoader.java:115) ~[?:?]
	at net.minecraftforge.fml.client.ClientModLoader.finishModLoading(ClientModLoader.java:136) ~[?:?]
	at net.minecraftforge.fml.client.ClientModLoader.lambda$onreload$4(ClientModLoader.java:107) ~[?:?]
	at java.util.concurrent.CompletableFuture.uniRun(CompletableFuture.java:719) [?:1.8.0_232]
	at java.util.concurrent.CompletableFuture$UniRun.tryFire(CompletableFuture.java:701) [?:1.8.0_232]
	at java.util.concurrent.CompletableFuture$Completion.exec(CompletableFuture.java:457) [?:1.8.0_232]
	at java.util.concurrent.ForkJoinTask.doExec(ForkJoinTask.java:289) [?:1.8.0_232]
	at java.util.concurrent.ForkJoinPool$WorkQueue.runTask(ForkJoinPool.java:1056) [?:1.8.0_232]
	at java.util.concurrent.ForkJoinPool.runWorker(ForkJoinPool.java:1692) [?:1.8.0_232]
	at java.util.concurrent.ForkJoinWorkerThread.run(ForkJoinWorkerThread.java:157) [?:1.8.0_232]
[27Nov2019 22:11:32.441] [Client thread/INFO] [net.minecraft.client.audio.SoundSystem/]: OpenAL initialized.
[27Nov2019 22:11:32.443] [Client thread/INFO] [net.minecraft.client.audio.SoundEngine/SOUNDS]: Sound engine started
[27Nov2019 22:11:32.830] [Client thread/INFO] [net.minecraft.client.renderer.texture.AtlasTexture/]: Created: 512x512 textures-atlas
[27Nov2019 22:11:34.374] [Client thread/INFO] [net.minecraft.client.renderer.texture.AtlasTexture/]: Created: 256x256 textures/particle-atlas
[27Nov2019 22:11:34.398] [Client thread/INFO] [net.minecraft.client.renderer.texture.AtlasTexture/]: Created: 256x256 textures/painting-atlas
[27Nov2019 22:11:34.400] [Client thread/INFO] [net.minecraft.client.renderer.texture.AtlasTexture/]: Created: 128x128 textures/mob_effect-atlas
[27Nov2019 22:15:16.308] [Client thread/INFO] [net.minecraft.client.Minecraft/]: Stopping!
